This file contains any messages produced by compilers while
running configure, to aid debugging if configure makes a mistake.

It was created by sqlite configure 3.7.10, which was
generated by GNU Autoconf 2.63.  Invocation command line was

  $ ./configure CFLAGS=-DSQLITE_HAS_CODEC

## --------- ##
## Platform. ##
## --------- ##

hostname = localhost.localdomain
uname -m = x86_64
uname -r = 2.6.32-573.26.1.el6.x86_64
uname -s = Linux
uname -v = #1 SMP Tue May 3 14:22:07 CDT 2016

/usr/bin/uname -p = unknown
/bin/uname -X     = unknown

/bin/arch              = x86_64
/usr/bin/arch -k       = unknown
/usr/convex/getsysinfo = unknown
/usr/bin/hostinfo      = unknown
/bin/machine           = unknown
/usr/bin/oslevel       = unknown
/bin/universe          = unknown

PATH: /usr/lib64/qt-3.3/bin
PATH: /usr/local/sbin
PATH: /usr/bin
PATH: /bin
PATH: /usr/sbin
PATH: /sbin
PATH: /usr/local/sbin
PATH: /usr/local/bin
PATH: /sbin
PATH: /bin
PATH: /usr/sbin
PATH: /usr/bin
PATH: /usr/local/pgsql/bin/
PATH: /root/bin


## ----------- ##
## Core tests. ##
## ----------- ##

configure:2095: checking for a BSD-compatible install
configure:2163: result: /usr/bin/install -c
configure:2174: checking whether build environment is sane
configure:2217: result: yes
configure:2279: checking for gawk
configure:2295: found /usr/bin/gawk
configure:2306: result: gawk
configure:2317: checking whether make sets $(MAKE)
configure:2339: result: yes
configure:2532: checking for style of include used by make
configure:2560: result: GNU
configure:2633: checking for gcc
configure:2649: found /usr/bin/gcc
configure:2660: result: gcc
configure:2892: checking for C compiler version
configure:2900: gcc --version >&5
gcc (GCC) 4.4.7 20120313 (Red Hat 4.4.7-3)
Copyright (C) 2010 Free Software Foundation, Inc.
This is free software; see the source for copying conditions.  There is NO
warranty; not even for MERCHANTABILITY or FITNESS FOR A PARTICULAR PURPOSE.

configure:2904: $? = 0
configure:2911: gcc -v >&5
Using built-in specs.
Target: x86_64-redhat-linux
Configured with: ../configure --prefix=/usr --mandir=/usr/share/man --infodir=/usr/share/info --with-bugurl=http://bugzilla.redhat.com/bugzilla --enable-bootstrap --enable-shared --enable-threads=posix --enable-checking=release --with-system-zlib --enable-__cxa_atexit --disable-libunwind-exceptions --enable-gnu-unique-object --enable-languages=c,c++,objc,obj-c++,java,fortran,ada --enable-java-awt=gtk --disable-dssi --with-java-home=/usr/lib/jvm/java-1.5.0-gcj-1.5.0.0/jre --enable-libgcj-multifile --enable-java-maintainer-mode --with-ecj-jar=/usr/share/java/eclipse-ecj.jar --disable-libjava-multilib --with-ppl --with-cloog --with-tune=generic --with-arch_32=i686 --build=x86_64-redhat-linux
Thread model: posix
gcc version 4.4.7 20120313 (Red Hat 4.4.7-3) (GCC) 
configure:2915: $? = 0
configure:2922: gcc -V >&5
gcc: '-V' option must have argument
configure:2926: $? = 1
configure:2949: checking for C compiler default output file name
configure:2971: gcc -DSQLITE_HAS_CODEC   conftest.c  >&5
configure:2975: $? = 0
configure:3013: result: a.out
configure:3032: checking whether the C compiler works
configure:3042: ./a.out
configure:3046: $? = 0
configure:3065: result: yes
configure:3072: checking whether we are cross compiling
configure:3074: result: no
configure:3077: checking for suffix of executables
configure:3084: gcc -o conftest -DSQLITE_HAS_CODEC   conftest.c  >&5
configure:3088: $? = 0
configure:3114: result: 
configure:3120: checking for suffix of object files
configure:3146: gcc -c -DSQLITE_HAS_CODEC  conftest.c >&5
configure:3150: $? = 0
configure:3175: result: o
configure:3179: checking whether we are using the GNU C compiler
configure:3208: gcc -c -DSQLITE_HAS_CODEC  conftest.c >&5
configure:3215: $? = 0
configure:3232: result: yes
configure:3241: checking whether gcc accepts -g
configure:3271: gcc -c -g  conftest.c >&5
configure:3278: $? = 0
configure:3379: result: yes
configure:3396: checking for gcc option to accept ISO C89
configure:3470: gcc  -c -DSQLITE_HAS_CODEC  conftest.c >&5
configure:3477: $? = 0
configure:3500: result: none needed
configure:3520: checking dependency style of gcc
configure:3610: result: gcc3
configure:3635: checking for special C compiler options needed for large files
configure:3730: result: no
configure:3736: checking for _FILE_OFFSET_BITS value needed for large files
configure:3771: gcc -c -DSQLITE_HAS_CODEC  conftest.c >&5
configure:3778: $? = 0
configure:3847: result: no
configure:4034: checking for gcc
configure:4061: result: gcc
configure:4293: checking for C compiler version
configure:4301: gcc --version >&5
gcc (GCC) 4.4.7 20120313 (Red Hat 4.4.7-3)
Copyright (C) 2010 Free Software Foundation, Inc.
This is free software; see the source for copying conditions.  There is NO
warranty; not even for MERCHANTABILITY or FITNESS FOR A PARTICULAR PURPOSE.

configure:4305: $? = 0
configure:4312: gcc -v >&5
Using built-in specs.
Target: x86_64-redhat-linux
Configured with: ../configure --prefix=/usr --mandir=/usr/share/man --infodir=/usr/share/info --with-bugurl=http://bugzilla.redhat.com/bugzilla --enable-bootstrap --enable-shared --enable-threads=posix --enable-checking=release --with-system-zlib --enable-__cxa_atexit --disable-libunwind-exceptions --enable-gnu-unique-object --enable-languages=c,c++,objc,obj-c++,java,fortran,ada --enable-java-awt=gtk --disable-dssi --with-java-home=/usr/lib/jvm/java-1.5.0-gcj-1.5.0.0/jre --enable-libgcj-multifile --enable-java-maintainer-mode --with-ecj-jar=/usr/share/java/eclipse-ecj.jar --disable-libjava-multilib --with-ppl --with-cloog --with-tune=generic --with-arch_32=i686 --build=x86_64-redhat-linux
Thread model: posix
gcc version 4.4.7 20120313 (Red Hat 4.4.7-3) (GCC) 
configure:4316: $? = 0
configure:4323: gcc -V >&5
gcc: '-V' option must have argument
configure:4327: $? = 1
configure:4330: checking whether we are using the GNU C compiler
configure:4383: result: yes
configure:4392: checking whether gcc accepts -g
configure:4530: result: yes
configure:4547: checking for gcc option to accept ISO C89
configure:4651: result: none needed
configure:4671: checking dependency style of gcc
configure:4761: result: gcc3
configure:4821: checking for ranlib
configure:4837: found /usr/bin/ranlib
configure:4848: result: ranlib
configure:4948: checking build system type
configure:4966: result: x86_64-unknown-linux-gnu
configure:4988: checking host system type
configure:5003: result: x86_64-unknown-linux-gnu
configure:5025: checking for a sed that does not truncate output
configure:5079: result: /bin/sed
configure:5082: checking for grep that handles long lines and -e
configure:5142: result: /bin/grep
configure:5147: checking for egrep
configure:5211: result: /bin/grep -E
configure:5227: checking for ld used by gcc
configure:5294: result: /usr/bin/ld
configure:5303: checking if the linker (/usr/bin/ld) is GNU ld
configure:5318: result: yes
configure:5323: checking for /usr/bin/ld option to reload object files
configure:5330: result: -r
configure:5348: checking for BSD-compatible nm
configure:5397: result: /usr/bin/nm -B
configure:5401: checking whether ln -s works
configure:5405: result: yes
configure:5412: checking how to recognise dependent libraries
configure:5588: result: pass_all
configure:5675: gcc -c -DSQLITE_HAS_CODEC  conftest.c >&5
configure:5678: $? = 0
configure:5825: checking how to run the C preprocessor
configure:5865: gcc -E  conftest.c
configure:5872: $? = 0
configure:5903: gcc -E  conftest.c
conftest.c:10:28: error: ac_nonexistent.h: No such file or directory
configure:5910: $? = 1
configure: failed program was:
| /* confdefs.h.  */
| #define PACKAGE_NAME "sqlite"
| #define PACKAGE_TARNAME "sqlite"
| #define PACKAGE_VERSION "3.7.10"
| #define PACKAGE_STRING "sqlite 3.7.10"
| #define PACKAGE_BUGREPORT "http://www.sqlite.org"
| #define PACKAGE "sqlite"
| #define VERSION "3.7.10"
| /* end confdefs.h.  */
| #include <ac_nonexistent.h>
configure:5943: result: gcc -E
configure:5972: gcc -E  conftest.c
configure:5979: $? = 0
configure:6010: gcc -E  conftest.c
conftest.c:10:28: error: ac_nonexistent.h: No such file or directory
configure:6017: $? = 1
configure: failed program was:
| /* confdefs.h.  */
| #define PACKAGE_NAME "sqlite"
| #define PACKAGE_TARNAME "sqlite"
| #define PACKAGE_VERSION "3.7.10"
| #define PACKAGE_STRING "sqlite 3.7.10"
| #define PACKAGE_BUGREPORT "http://www.sqlite.org"
| #define PACKAGE "sqlite"
| #define VERSION "3.7.10"
| /* end confdefs.h.  */
| #include <ac_nonexistent.h>
configure:6057: checking for ANSI C header files
configure:6087: gcc -c -DSQLITE_HAS_CODEC  conftest.c >&5
configure:6094: $? = 0
configure:6193: gcc -o conftest -DSQLITE_HAS_CODEC   conftest.c  >&5
configure:6197: $? = 0
configure:6203: ./conftest
configure:6207: $? = 0
configure:6225: result: yes
configure:6249: checking for sys/types.h
configure:6270: gcc -c -DSQLITE_HAS_CODEC  conftest.c >&5
configure:6277: $? = 0
configure:6294: result: yes
configure:6249: checking for sys/stat.h
configure:6270: gcc -c -DSQLITE_HAS_CODEC  conftest.c >&5
configure:6277: $? = 0
configure:6294: result: yes
configure:6249: checking for stdlib.h
configure:6270: gcc -c -DSQLITE_HAS_CODEC  conftest.c >&5
configure:6277: $? = 0
configure:6294: result: yes
configure:6249: checking for string.h
configure:6270: gcc -c -DSQLITE_HAS_CODEC  conftest.c >&5
configure:6277: $? = 0
configure:6294: result: yes
configure:6249: checking for memory.h
configure:6270: gcc -c -DSQLITE_HAS_CODEC  conftest.c >&5
configure:6277: $? = 0
configure:6294: result: yes
configure:6249: checking for strings.h
configure:6270: gcc -c -DSQLITE_HAS_CODEC  conftest.c >&5
configure:6277: $? = 0
configure:6294: result: yes
configure:6249: checking for inttypes.h
configure:6270: gcc -c -DSQLITE_HAS_CODEC  conftest.c >&5
configure:6277: $? = 0
configure:6294: result: yes
configure:6249: checking for stdint.h
configure:6270: gcc -c -DSQLITE_HAS_CODEC  conftest.c >&5
configure:6277: $? = 0
configure:6294: result: yes
configure:6249: checking for unistd.h
configure:6270: gcc -c -DSQLITE_HAS_CODEC  conftest.c >&5
configure:6277: $? = 0
configure:6294: result: yes
configure:6324: checking dlfcn.h usability
configure:6341: gcc -c -DSQLITE_HAS_CODEC  conftest.c >&5
configure:6348: $? = 0
configure:6362: result: yes
configure:6366: checking dlfcn.h presence
configure:6381: gcc -E  conftest.c
configure:6388: $? = 0
configure:6402: result: yes
configure:6435: checking for dlfcn.h
configure:6444: result: yes
configure:6517: checking for g++
configure:6533: found /usr/bin/g++
configure:6544: result: g++
configure:6571: checking for C++ compiler version
configure:6579: g++ --version >&5
g++ (GCC) 4.4.7 20120313 (Red Hat 4.4.7-3)
Copyright (C) 2010 Free Software Foundation, Inc.
This is free software; see the source for copying conditions.  There is NO
warranty; not even for MERCHANTABILITY or FITNESS FOR A PARTICULAR PURPOSE.

configure:6583: $? = 0
configure:6590: g++ -v >&5
Using built-in specs.
Target: x86_64-redhat-linux
Configured with: ../configure --prefix=/usr --mandir=/usr/share/man --infodir=/usr/share/info --with-bugurl=http://bugzilla.redhat.com/bugzilla --enable-bootstrap --enable-shared --enable-threads=posix --enable-checking=release --with-system-zlib --enable-__cxa_atexit --disable-libunwind-exceptions --enable-gnu-unique-object --enable-languages=c,c++,objc,obj-c++,java,fortran,ada --enable-java-awt=gtk --disable-dssi --with-java-home=/usr/lib/jvm/java-1.5.0-gcj-1.5.0.0/jre --enable-libgcj-multifile --enable-java-maintainer-mode --with-ecj-jar=/usr/share/java/eclipse-ecj.jar --disable-libjava-multilib --with-ppl --with-cloog --with-tune=generic --with-arch_32=i686 --build=x86_64-redhat-linux
Thread model: posix
gcc version 4.4.7 20120313 (Red Hat 4.4.7-3) (GCC) 
configure:6594: $? = 0
configure:6601: g++ -V >&5
g++: '-V' option must have argument
configure:6605: $? = 1
configure:6608: checking whether we are using the GNU C++ compiler
configure:6637: g++ -c   conftest.cpp >&5
configure:6644: $? = 0
configure:6661: result: yes
configure:6670: checking whether g++ accepts -g
configure:6700: g++ -c -g  conftest.cpp >&5
configure:6707: $? = 0
configure:6808: result: yes
configure:6833: checking dependency style of g++
configure:6923: result: gcc3
configure:6950: checking how to run the C++ preprocessor
configure:6986: g++ -E  conftest.cpp
configure:6993: $? = 0
configure:7024: g++ -E  conftest.cpp
conftest.cpp:21:28: error: ac_nonexistent.h: No such file or directory
configure:7031: $? = 1
configure: failed program was:
| /* confdefs.h.  */
| #define PACKAGE_NAME "sqlite"
| #define PACKAGE_TARNAME "sqlite"
| #define PACKAGE_VERSION "3.7.10"
| #define PACKAGE_STRING "sqlite 3.7.10"
| #define PACKAGE_BUGREPORT "http://www.sqlite.org"
| #define PACKAGE "sqlite"
| #define VERSION "3.7.10"
| #define STDC_HEADERS 1
| #define HAVE_SYS_TYPES_H 1
| #define HAVE_SYS_STAT_H 1
| #define HAVE_STDLIB_H 1
| #define HAVE_STRING_H 1
| #define HAVE_MEMORY_H 1
| #define HAVE_STRINGS_H 1
| #define HAVE_INTTYPES_H 1
| #define HAVE_STDINT_H 1
| #define HAVE_UNISTD_H 1
| #define HAVE_DLFCN_H 1
| /* end confdefs.h.  */
| #include <ac_nonexistent.h>
configure:7064: result: g++ -E
configure:7093: g++ -E  conftest.cpp
configure:7100: $? = 0
configure:7131: g++ -E  conftest.cpp
conftest.cpp:21:28: error: ac_nonexistent.h: No such file or directory
configure:7138: $? = 1
configure: failed program was:
| /* confdefs.h.  */
| #define PACKAGE_NAME "sqlite"
| #define PACKAGE_TARNAME "sqlite"
| #define PACKAGE_VERSION "3.7.10"
| #define PACKAGE_STRING "sqlite 3.7.10"
| #define PACKAGE_BUGREPORT "http://www.sqlite.org"
| #define PACKAGE "sqlite"
| #define VERSION "3.7.10"
| #define STDC_HEADERS 1
| #define HAVE_SYS_TYPES_H 1
| #define HAVE_SYS_STAT_H 1
| #define HAVE_STDLIB_H 1
| #define HAVE_STRING_H 1
| #define HAVE_MEMORY_H 1
| #define HAVE_STRINGS_H 1
| #define HAVE_INTTYPES_H 1
| #define HAVE_STDINT_H 1
| #define HAVE_UNISTD_H 1
| #define HAVE_DLFCN_H 1
| /* end confdefs.h.  */
| #include <ac_nonexistent.h>
configure:7233: checking for g77
configure:7263: result: no
configure:7233: checking for xlf
configure:7263: result: no
configure:7233: checking for f77
configure:7263: result: no
configure:7233: checking for frt
configure:7263: result: no
configure:7233: checking for pgf77
configure:7263: result: no
configure:7233: checking for cf77
configure:7263: result: no
configure:7233: checking for fort77
configure:7263: result: no
configure:7233: checking for fl32
configure:7263: result: no
configure:7233: checking for af77
configure:7263: result: no
configure:7233: checking for xlf90
configure:7263: result: no
configure:7233: checking for f90
configure:7263: result: no
configure:7233: checking for pgf90
configure:7263: result: no
configure:7233: checking for pghpf
configure:7263: result: no
configure:7233: checking for epcf90
configure:7263: result: no
configure:7233: checking for gfortran
configure:7249: found /usr/bin/gfortran
configure:7260: result: gfortran
configure:7286: checking for Fortran 77 compiler version
configure:7294: gfortran --version >&5
GNU Fortran (GCC) 4.4.7 20120313 (Red Hat 4.4.7-3)
Copyright (C) 2010 Free Software Foundation, Inc.

GNU Fortran comes with NO WARRANTY, to the extent permitted by law.
You may redistribute copies of GNU Fortran
under the terms of the GNU General Public License.
For more information about these matters, see the file named COPYING

configure:7298: $? = 0
configure:7305: gfortran -v >&5
Using built-in specs.
Target: x86_64-redhat-linux
Configured with: ../configure --prefix=/usr --mandir=/usr/share/man --infodir=/usr/share/info --with-bugurl=http://bugzilla.redhat.com/bugzilla --enable-bootstrap --enable-shared --enable-threads=posix --enable-checking=release --with-system-zlib --enable-__cxa_atexit --disable-libunwind-exceptions --enable-gnu-unique-object --enable-languages=c,c++,objc,obj-c++,java,fortran,ada --enable-java-awt=gtk --disable-dssi --with-java-home=/usr/lib/jvm/java-1.5.0-gcj-1.5.0.0/jre --enable-libgcj-multifile --enable-java-maintainer-mode --with-ecj-jar=/usr/share/java/eclipse-ecj.jar --disable-libjava-multilib --with-ppl --with-cloog --with-tune=generic --with-arch_32=i686 --build=x86_64-redhat-linux
Thread model: posix
gcc version 4.4.7 20120313 (Red Hat 4.4.7-3) (GCC) 
configure:7309: $? = 0
configure:7316: gfortran -V >&5
gfortran: '-V' option must have argument
configure:7320: $? = 1
configure:7328: checking whether we are using the GNU Fortran 77 compiler
configure:7347: gfortran -c  conftest.F >&5
configure:7354: $? = 0
configure:7371: result: yes
configure:7377: checking whether gfortran accepts -g
configure:7394: gfortran -c -g conftest.f >&5
configure:7401: $? = 0
configure:7417: result: yes
configure:7451: checking the maximum length of command line arguments
configure:7560: result: 32768
configure:7571: checking command to parse /usr/bin/nm -B output from gcc object
configure:7676: gcc -c -DSQLITE_HAS_CODEC  conftest.c >&5
configure:7679: $? = 0
configure:7683: /usr/bin/nm -B conftest.o \| sed -n -e 's/^.*[ 	]\([ABCDGIRSTW][ABCDGIRSTW]*\)[ 	][ 	]*\([_A-Za-z][_A-Za-z0-9]*\)$/\1 \2 \2/p' \> conftest.nm
configure:7686: $? = 0
configure:7738: gcc -o conftest -DSQLITE_HAS_CODEC   conftest.c conftstm.o >&5
configure:7741: $? = 0
configure:7779: result: ok
configure:7783: checking for objdir
configure:7798: result: .libs
configure:7890: checking for ar
configure:7906: found /usr/bin/ar
configure:7917: result: ar
configure:7982: checking for ranlib
configure:8009: result: ranlib
configure:8074: checking for strip
configure:8090: found /usr/bin/strip
configure:8101: result: strip
configure:8383: checking if gcc supports -fno-rtti -fno-exceptions
configure:8401: gcc -c -DSQLITE_HAS_CODEC  -fno-rtti -fno-exceptions conftest.c >&5
cc1: warning: command line option "-fno-rtti" is valid for C++/ObjC++ but not for C
configure:8405: $? = 0
configure:8418: result: no
configure:8433: checking for gcc option to produce PIC
configure:8643: result: -fPIC
configure:8651: checking if gcc PIC flag -fPIC works
configure:8669: gcc -c -DSQLITE_HAS_CODEC  -fPIC -DPIC conftest.c >&5
configure:8673: $? = 0
configure:8686: result: yes
configure:8714: checking if gcc static flag -static works
configure:8742: result: no
configure:8752: checking if gcc supports -c -o file.o
configure:8773: gcc -c -DSQLITE_HAS_CODEC  -o out/conftest2.o conftest.c >&5
configure:8777: $? = 0
configure:8799: result: yes
configure:8825: checking whether the gcc linker (/usr/bin/ld -m elf_x86_64) supports shared libraries
configure:9787: result: yes
configure:9808: checking whether -lc should be explicitly linked in
configure:9813: gcc -c -DSQLITE_HAS_CODEC  conftest.c >&5
configure:9816: $? = 0
configure:9831: gcc -shared conftest.o  -v -Wl,-soname -Wl,conftest -o conftest 2\>\&1 \| grep  -lc  \>/dev/null 2\>\&1
configure:9834: $? = 0
configure:9846: result: no
configure:9854: checking dynamic linker characteristics
configure:10442: result: GNU/Linux ld.so
configure:10451: checking how to hardcode library paths into programs
configure:10476: result: immediate
configure:10490: checking whether stripping libraries is possible
configure:10495: result: yes
configure:11324: checking if libtool supports shared libraries
configure:11326: result: yes
configure:11329: checking whether to build shared libraries
configure:11350: result: yes
configure:11353: checking whether to build static libraries
configure:11357: result: yes
configure:11449: creating libtool
configure:12037: checking for ld used by g++
configure:12104: result: /usr/bin/ld -m elf_x86_64
configure:12113: checking if the linker (/usr/bin/ld -m elf_x86_64) is GNU ld
configure:12128: result: yes
configure:12179: checking whether the g++ linker (/usr/bin/ld -m elf_x86_64) supports shared libraries
configure:13121: result: yes
configure:13139: g++ -c -g -O2  conftest.cpp >&5
configure:13142: $? = 0
configure:13261: checking for g++ option to produce PIC
configure:13535: result: -fPIC
configure:13543: checking if g++ PIC flag -fPIC works
configure:13561: g++ -c -g -O2  -fPIC -DPIC conftest.cpp >&5
configure:13565: $? = 0
configure:13578: result: yes
configure:13606: checking if g++ static flag -static works
configure:13634: result: no
configure:13644: checking if g++ supports -c -o file.o
configure:13665: g++ -c -g -O2  -o out/conftest2.o conftest.cpp >&5
configure:13669: $? = 0
configure:13691: result: yes
configure:13717: checking whether the g++ linker (/usr/bin/ld -m elf_x86_64) supports shared libraries
configure:13742: result: yes
configure:13809: checking dynamic linker characteristics
configure:14397: result: GNU/Linux ld.so
configure:14406: checking how to hardcode library paths into programs
configure:14431: result: immediate
configure:14957: checking if libtool supports shared libraries
configure:14959: result: yes
configure:14962: checking whether to build shared libraries
configure:14982: result: yes
configure:14985: checking whether to build static libraries
configure:14989: result: yes
configure:14999: checking for gfortran option to produce PIC
configure:15209: result: -fPIC
configure:15217: checking if gfortran PIC flag -fPIC works
configure:15235: gfortran -c -g -O2 -fPIC conftest.f >&5
configure:15239: $? = 0
configure:15252: result: yes
configure:15280: checking if gfortran static flag -static works
configure:15308: result: no
configure:15318: checking if gfortran supports -c -o file.o
configure:15339: gfortran -c -g -O2 -o out/conftest2.o conftest.f >&5
configure:15343: $? = 0
configure:15365: result: yes
configure:15391: checking whether the gfortran linker (/usr/bin/ld -m elf_x86_64) supports shared libraries
configure:16333: result: yes
configure:16400: checking dynamic linker characteristics
configure:16988: result: GNU/Linux ld.so
configure:16997: checking how to hardcode library paths into programs
configure:17022: result: immediate
configure:20587: checking for a thread-safe mkdir -p
configure:20626: result: /bin/mkdir -p
configure:20639: checking for fdatasync
configure:20695: gcc -o conftest -DSQLITE_HAS_CODEC   conftest.c  >&5
configure:20702: $? = 0
configure:20724: result: yes
configure:20639: checking for usleep
configure:20695: gcc -o conftest -DSQLITE_HAS_CODEC   conftest.c  >&5
configure:20702: $? = 0
configure:20724: result: yes
configure:20639: checking for fullfsync
configure:20695: gcc -o conftest -DSQLITE_HAS_CODEC   conftest.c  >&5
/tmp/ccoSMNlv.o: In function `main':
conftest.c:(.text+0xa): undefined reference to `fullfsync'
collect2: ld returned 1 exit status
configure:20702: $? = 1
configure: failed program was:
| /* confdefs.h.  */
| #define PACKAGE_NAME "sqlite"
| #define PACKAGE_TARNAME "sqlite"
| #define PACKAGE_VERSION "3.7.10"
| #define PACKAGE_STRING "sqlite 3.7.10"
| #define PACKAGE_BUGREPORT "http://www.sqlite.org"
| #define PACKAGE "sqlite"
| #define VERSION "3.7.10"
| #define STDC_HEADERS 1
| #define HAVE_SYS_TYPES_H 1
| #define HAVE_SYS_STAT_H 1
| #define HAVE_STDLIB_H 1
| #define HAVE_STRING_H 1
| #define HAVE_MEMORY_H 1
| #define HAVE_STRINGS_H 1
| #define HAVE_INTTYPES_H 1
| #define HAVE_STDINT_H 1
| #define HAVE_UNISTD_H 1
| #define HAVE_DLFCN_H 1
| #define HAVE_FDATASYNC 1
| #define HAVE_USLEEP 1
| /* end confdefs.h.  */
| /* Define fullfsync to an innocuous variant, in case <limits.h> declares fullfsync.
|    For example, HP-UX 11i <limits.h> declares gettimeofday.  */
| #define fullfsync innocuous_fullfsync
| 
| /* System header to define __stub macros and hopefully few prototypes,
|     which can conflict with char fullfsync (); below.
|     Prefer <limits.h> to <assert.h> if __STDC__ is defined, since
|     <limits.h> exists even on freestanding compilers.  */
| 
| #ifdef __STDC__
| # include <limits.h>
| #else
| # include <assert.h>
| #endif
| 
| #undef fullfsync
| 
| /* Override any GCC internal prototype to avoid an error.
|    Use char because int might match the return type of a GCC
|    builtin and then its argument prototype would still apply.  */
| #ifdef __cplusplus
| extern "C"
| #endif
| char fullfsync ();
| /* The GNU C library defines this for functions which it implements
|     to always fail with ENOSYS.  Some functions are actually named
|     something starting with __ and the normal name is an alias.  */
| #if defined __stub_fullfsync || defined __stub___fullfsync
| choke me
| #endif
| 
| int
| main ()
| {
| return fullfsync ();
|   ;
|   return 0;
| }
configure:20724: result: no
configure:20639: checking for localtime_r
configure:20695: gcc -o conftest -DSQLITE_HAS_CODEC   conftest.c  >&5
configure:20702: $? = 0
configure:20724: result: yes
configure:20639: checking for gmtime_r
configure:20695: gcc -o conftest -DSQLITE_HAS_CODEC   conftest.c  >&5
configure:20702: $? = 0
configure:20724: result: yes
configure:20736: checking whether strerror_r is declared
configure:20765: gcc -c -DSQLITE_HAS_CODEC  conftest.c >&5
configure:20772: $? = 0
configure:20787: result: yes
configure:20809: checking for strerror_r
configure:20865: gcc -o conftest -DSQLITE_HAS_CODEC   conftest.c  >&5
configure:20872: $? = 0
configure:20894: result: yes
configure:20906: checking whether strerror_r returns char *
configure:20940: gcc -c -DSQLITE_HAS_CODEC  conftest.c >&5
conftest.c: In function 'main':
conftest.c:65: error: invalid type argument of 'unary *' (have 'int')
conftest.c:66: warning: initialization makes pointer from integer without a cast
configure:20947: $? = 1
configure: failed program was:
| /* confdefs.h.  */
| #define PACKAGE_NAME "sqlite"
| #define PACKAGE_TARNAME "sqlite"
| #define PACKAGE_VERSION "3.7.10"
| #define PACKAGE_STRING "sqlite 3.7.10"
| #define PACKAGE_BUGREPORT "http://www.sqlite.org"
| #define PACKAGE "sqlite"
| #define VERSION "3.7.10"
| #define STDC_HEADERS 1
| #define HAVE_SYS_TYPES_H 1
| #define HAVE_SYS_STAT_H 1
| #define HAVE_STDLIB_H 1
| #define HAVE_STRING_H 1
| #define HAVE_MEMORY_H 1
| #define HAVE_STRINGS_H 1
| #define HAVE_INTTYPES_H 1
| #define HAVE_STDINT_H 1
| #define HAVE_UNISTD_H 1
| #define HAVE_DLFCN_H 1
| #define HAVE_FDATASYNC 1
| #define HAVE_USLEEP 1
| #define HAVE_LOCALTIME_R 1
| #define HAVE_GMTIME_R 1
| #define HAVE_DECL_STRERROR_R 1
| #define HAVE_STRERROR_R 1
| /* end confdefs.h.  */
| #include <stdio.h>
| #ifdef HAVE_SYS_TYPES_H
| # include <sys/types.h>
| #endif
| #ifdef HAVE_SYS_STAT_H
| # include <sys/stat.h>
| #endif
| #ifdef STDC_HEADERS
| # include <stdlib.h>
| # include <stddef.h>
| #else
| # ifdef HAVE_STDLIB_H
| #  include <stdlib.h>
| # endif
| #endif
| #ifdef HAVE_STRING_H
| # if !defined STDC_HEADERS && defined HAVE_MEMORY_H
| #  include <memory.h>
| # endif
| # include <string.h>
| #endif
| #ifdef HAVE_STRINGS_H
| # include <strings.h>
| #endif
| #ifdef HAVE_INTTYPES_H
| # include <inttypes.h>
| #endif
| #ifdef HAVE_STDINT_H
| # include <stdint.h>
| #endif
| #ifdef HAVE_UNISTD_H
| # include <unistd.h>
| #endif
| int
| main ()
| {
| 
| 	  char buf[100];
| 	  char x = *strerror_r (0, buf, sizeof buf);
| 	  char *p = strerror_r (0, buf, sizeof buf);
| 	  return !p || x;
| 
|   ;
|   return 0;
| }
configure:21026: result: no
configure:21054: checking for library containing tgetent
configure:21095: gcc -o conftest -DSQLITE_HAS_CODEC   conftest.c  >&5
/tmp/ccHPI3zH.o: In function `main':
conftest.c:(.text+0xa): undefined reference to `tgetent'
collect2: ld returned 1 exit status
configure:21102: $? = 1
configure: failed program was:
| /* confdefs.h.  */
| #define PACKAGE_NAME "sqlite"
| #define PACKAGE_TARNAME "sqlite"
| #define PACKAGE_VERSION "3.7.10"
| #define PACKAGE_STRING "sqlite 3.7.10"
| #define PACKAGE_BUGREPORT "http://www.sqlite.org"
| #define PACKAGE "sqlite"
| #define VERSION "3.7.10"
| #define STDC_HEADERS 1
| #define HAVE_SYS_TYPES_H 1
| #define HAVE_SYS_STAT_H 1
| #define HAVE_STDLIB_H 1
| #define HAVE_STRING_H 1
| #define HAVE_MEMORY_H 1
| #define HAVE_STRINGS_H 1
| #define HAVE_INTTYPES_H 1
| #define HAVE_STDINT_H 1
| #define HAVE_UNISTD_H 1
| #define HAVE_DLFCN_H 1
| #define HAVE_FDATASYNC 1
| #define HAVE_USLEEP 1
| #define HAVE_LOCALTIME_R 1
| #define HAVE_GMTIME_R 1
| #define HAVE_DECL_STRERROR_R 1
| #define HAVE_STRERROR_R 1
| /* end confdefs.h.  */
| 
| /* Override any GCC internal prototype to avoid an error.
|    Use char because int might match the return type of a GCC
|    builtin and then its argument prototype would still apply.  */
| #ifdef __cplusplus
| extern "C"
| #endif
| char tgetent ();
| int
| main ()
| {
| return tgetent ();
|   ;
|   return 0;
| }
configure:21095: gcc -o conftest -DSQLITE_HAS_CODEC   conftest.c -lcurses   >&5
configure:21102: $? = 0
configure:21133: result: -lcurses
configure:21141: checking for library containing readline
configure:21182: gcc -o conftest -DSQLITE_HAS_CODEC   conftest.c -lcurses  >&5
/tmp/ccRyXNcP.o: In function `main':
conftest.c:(.text+0xa): undefined reference to `readline'
collect2: ld returned 1 exit status
configure:21189: $? = 1
configure: failed program was:
| /* confdefs.h.  */
| #define PACKAGE_NAME "sqlite"
| #define PACKAGE_TARNAME "sqlite"
| #define PACKAGE_VERSION "3.7.10"
| #define PACKAGE_STRING "sqlite 3.7.10"
| #define PACKAGE_BUGREPORT "http://www.sqlite.org"
| #define PACKAGE "sqlite"
| #define VERSION "3.7.10"
| #define STDC_HEADERS 1
| #define HAVE_SYS_TYPES_H 1
| #define HAVE_SYS_STAT_H 1
| #define HAVE_STDLIB_H 1
| #define HAVE_STRING_H 1
| #define HAVE_MEMORY_H 1
| #define HAVE_STRINGS_H 1
| #define HAVE_INTTYPES_H 1
| #define HAVE_STDINT_H 1
| #define HAVE_UNISTD_H 1
| #define HAVE_DLFCN_H 1
| #define HAVE_FDATASYNC 1
| #define HAVE_USLEEP 1
| #define HAVE_LOCALTIME_R 1
| #define HAVE_GMTIME_R 1
| #define HAVE_DECL_STRERROR_R 1
| #define HAVE_STRERROR_R 1
| /* end confdefs.h.  */
| 
| /* Override any GCC internal prototype to avoid an error.
|    Use char because int might match the return type of a GCC
|    builtin and then its argument prototype would still apply.  */
| #ifdef __cplusplus
| extern "C"
| #endif
| char readline ();
| int
| main ()
| {
| return readline ();
|   ;
|   return 0;
| }
configure:21182: gcc -o conftest -DSQLITE_HAS_CODEC   conftest.c -lreadline  -lcurses  >&5
configure:21189: $? = 0
configure:21220: result: -lreadline
configure:21234: checking for readline
configure:21290: gcc -o conftest -DSQLITE_HAS_CODEC   conftest.c -lreadline -lcurses  >&5
configure:21297: $? = 0
configure:21319: result: yes
configure:21350: checking for library containing pthread_create
configure:21391: gcc -o conftest -DSQLITE_HAS_CODEC   conftest.c  >&5
/tmp/ccUwFPmZ.o: In function `main':
conftest.c:(.text+0xa): undefined reference to `pthread_create'
collect2: ld returned 1 exit status
configure:21398: $? = 1
configure: failed program was:
| /* confdefs.h.  */
| #define PACKAGE_NAME "sqlite"
| #define PACKAGE_TARNAME "sqlite"
| #define PACKAGE_VERSION "3.7.10"
| #define PACKAGE_STRING "sqlite 3.7.10"
| #define PACKAGE_BUGREPORT "http://www.sqlite.org"
| #define PACKAGE "sqlite"
| #define VERSION "3.7.10"
| #define STDC_HEADERS 1
| #define HAVE_SYS_TYPES_H 1
| #define HAVE_SYS_STAT_H 1
| #define HAVE_STDLIB_H 1
| #define HAVE_STRING_H 1
| #define HAVE_MEMORY_H 1
| #define HAVE_STRINGS_H 1
| #define HAVE_INTTYPES_H 1
| #define HAVE_STDINT_H 1
| #define HAVE_UNISTD_H 1
| #define HAVE_DLFCN_H 1
| #define HAVE_FDATASYNC 1
| #define HAVE_USLEEP 1
| #define HAVE_LOCALTIME_R 1
| #define HAVE_GMTIME_R 1
| #define HAVE_DECL_STRERROR_R 1
| #define HAVE_STRERROR_R 1
| #define HAVE_READLINE 1
| /* end confdefs.h.  */
| 
| /* Override any GCC internal prototype to avoid an error.
|    Use char because int might match the return type of a GCC
|    builtin and then its argument prototype would still apply.  */
| #ifdef __cplusplus
| extern "C"
| #endif
| char pthread_create ();
| int
| main ()
| {
| return pthread_create ();
|   ;
|   return 0;
| }
configure:21391: gcc -o conftest -DSQLITE_HAS_CODEC   conftest.c -lpthread   >&5
configure:21398: $? = 0
configure:21429: result: -lpthread
configure:21452: checking for library containing dlopen
configure:21493: gcc -o conftest -DSQLITE_HAS_CODEC   conftest.c -lpthread  >&5
/tmp/cc3PrZb7.o: In function `main':
conftest.c:(.text+0xa): undefined reference to `dlopen'
collect2: ld returned 1 exit status
configure:21500: $? = 1
configure: failed program was:
| /* confdefs.h.  */
| #define PACKAGE_NAME "sqlite"
| #define PACKAGE_TARNAME "sqlite"
| #define PACKAGE_VERSION "3.7.10"
| #define PACKAGE_STRING "sqlite 3.7.10"
| #define PACKAGE_BUGREPORT "http://www.sqlite.org"
| #define PACKAGE "sqlite"
| #define VERSION "3.7.10"
| #define STDC_HEADERS 1
| #define HAVE_SYS_TYPES_H 1
| #define HAVE_SYS_STAT_H 1
| #define HAVE_STDLIB_H 1
| #define HAVE_STRING_H 1
| #define HAVE_MEMORY_H 1
| #define HAVE_STRINGS_H 1
| #define HAVE_INTTYPES_H 1
| #define HAVE_STDINT_H 1
| #define HAVE_UNISTD_H 1
| #define HAVE_DLFCN_H 1
| #define HAVE_FDATASYNC 1
| #define HAVE_USLEEP 1
| #define HAVE_LOCALTIME_R 1
| #define HAVE_GMTIME_R 1
| #define HAVE_DECL_STRERROR_R 1
| #define HAVE_STRERROR_R 1
| #define HAVE_READLINE 1
| /* end confdefs.h.  */
| 
| /* Override any GCC internal prototype to avoid an error.
|    Use char because int might match the return type of a GCC
|    builtin and then its argument prototype would still apply.  */
| #ifdef __cplusplus
| extern "C"
| #endif
| char dlopen ();
| int
| main ()
| {
| return dlopen ();
|   ;
|   return 0;
| }
configure:21493: gcc -o conftest -DSQLITE_HAS_CODEC   conftest.c -ldl  -lpthread  >&5
configure:21500: $? = 0
configure:21531: result: -ldl
configure:21542: checking for whether to support dynamic extensions
configure:21544: result: yes
configure:21553: checking for posix_fallocate
configure:21609: gcc -o conftest -DSQLITE_HAS_CODEC   conftest.c -ldl -lpthread  >&5
configure:21616: $? = 0
configure:21638: result: yes
configure:21842: creating ./config.status

## ---------------------- ##
## Running config.status. ##
## ---------------------- ##

This file was extended by sqlite config.status 3.7.10, which was
generated by GNU Autoconf 2.63.  Invocation command line was

  CONFIG_FILES    = 
  CONFIG_HEADERS  = 
  CONFIG_LINKS    = 
  CONFIG_COMMANDS = 
  $ ./config.status 

on localhost.localdomain

config.status:719: creating Makefile
config.status:719: creating sqlite3.pc
config.status:930: executing depfiles commands

## ---------------- ##
## Cache variables. ##
## ---------------- ##

ac_cv_build=x86_64-unknown-linux-gnu
ac_cv_c_compiler_gnu=yes
ac_cv_cxx_compiler_gnu=yes
ac_cv_env_CCC_set=
ac_cv_env_CCC_value=
ac_cv_env_CC_set=
ac_cv_env_CC_value=
ac_cv_env_CFLAGS_set=set
ac_cv_env_CFLAGS_value=-DSQLITE_HAS_CODEC
ac_cv_env_CPPFLAGS_set=
ac_cv_env_CPPFLAGS_value=
ac_cv_env_CPP_set=
ac_cv_env_CPP_value=
ac_cv_env_CXXCPP_set=
ac_cv_env_CXXCPP_value=
ac_cv_env_CXXFLAGS_set=
ac_cv_env_CXXFLAGS_value=
ac_cv_env_CXX_set=
ac_cv_env_CXX_value=
ac_cv_env_F77_set=
ac_cv_env_F77_value=
ac_cv_env_FFLAGS_set=
ac_cv_env_FFLAGS_value=
ac_cv_env_LDFLAGS_set=
ac_cv_env_LDFLAGS_value=
ac_cv_env_LIBS_set=
ac_cv_env_LIBS_value=
ac_cv_env_build_alias_set=
ac_cv_env_build_alias_value=
ac_cv_env_host_alias_set=
ac_cv_env_host_alias_value=
ac_cv_env_target_alias_set=
ac_cv_env_target_alias_value=
ac_cv_f77_compiler_gnu=yes
ac_cv_func_fdatasync=yes
ac_cv_func_fullfsync=no
ac_cv_func_gmtime_r=yes
ac_cv_func_localtime_r=yes
ac_cv_func_posix_fallocate=yes
ac_cv_func_readline=yes
ac_cv_func_strerror_r=yes
ac_cv_func_strerror_r_char_p=no
ac_cv_func_usleep=yes
ac_cv_have_decl_strerror_r=yes
ac_cv_header_dlfcn_h=yes
ac_cv_header_inttypes_h=yes
ac_cv_header_memory_h=yes
ac_cv_header_stdc=yes
ac_cv_header_stdint_h=yes
ac_cv_header_stdlib_h=yes
ac_cv_header_string_h=yes
ac_cv_header_strings_h=yes
ac_cv_header_sys_stat_h=yes
ac_cv_header_sys_types_h=yes
ac_cv_header_unistd_h=yes
ac_cv_host=x86_64-unknown-linux-gnu
ac_cv_objext=o
ac_cv_path_EGREP='/bin/grep -E'
ac_cv_path_GREP=/bin/grep
ac_cv_path_install='/usr/bin/install -c'
ac_cv_path_mkdir=/bin/mkdir
ac_cv_prog_AWK=gawk
ac_cv_prog_CPP='gcc -E'
ac_cv_prog_CXXCPP='g++ -E'
ac_cv_prog_ac_ct_AR=ar
ac_cv_prog_ac_ct_CC=gcc
ac_cv_prog_ac_ct_CXX=g++
ac_cv_prog_ac_ct_F77=gfortran
ac_cv_prog_ac_ct_RANLIB=ranlib
ac_cv_prog_ac_ct_STRIP=strip
ac_cv_prog_cc_c89=
ac_cv_prog_cc_g=yes
ac_cv_prog_cxx_g=yes
ac_cv_prog_f77_g=yes
ac_cv_prog_make_make_set=yes
ac_cv_search_dlopen=-ldl
ac_cv_search_pthread_create=-lpthread
ac_cv_search_readline=-lreadline
ac_cv_search_tgetent=-lcurses
ac_cv_sys_file_offset_bits=no
ac_cv_sys_largefile_CC=no
am_cv_CC_dependencies_compiler_type=gcc3
am_cv_CXX_dependencies_compiler_type=gcc3
lt_cv_deplibs_check_method=pass_all
lt_cv_file_magic_cmd='$MAGIC_CMD'
lt_cv_file_magic_test_file=
lt_cv_ld_reload_flag=-r
lt_cv_objdir=.libs
lt_cv_path_LD=/usr/bin/ld
lt_cv_path_LDCXX='/usr/bin/ld -m elf_x86_64'
lt_cv_path_NM='/usr/bin/nm -B'
lt_cv_path_SED=/bin/sed
lt_cv_prog_compiler_c_o=yes
lt_cv_prog_compiler_c_o_CXX=yes
lt_cv_prog_compiler_c_o_F77=yes
lt_cv_prog_compiler_rtti_exceptions=no
lt_cv_prog_gnu_ld=yes
lt_cv_prog_gnu_ldcxx=yes
lt_cv_sys_global_symbol_pipe='sed -n -e '\''s/^.*[ 	]\([ABCDGIRSTW][ABCDGIRSTW]*\)[ 	][ 	]*\([_A-Za-z][_A-Za-z0-9]*\)$/\1 \2 \2/p'\'''
lt_cv_sys_global_symbol_to_c_name_address='sed -n -e '\''s/^: \([^ ]*\) $/  {\"\1\", (lt_ptr) 0},/p'\'' -e '\''s/^[BCDEGRST] \([^ ]*\) \([^ ]*\)$/  {"\2", (lt_ptr) \&\2},/p'\'''
lt_cv_sys_global_symbol_to_cdecl='sed -n -e '\''s/^. .* \(.*\)$/extern int \1;/p'\'''
lt_cv_sys_max_cmd_len=32768
lt_lt_cv_prog_compiler_c_o='"yes"'
lt_lt_cv_prog_compiler_c_o_CXX='"yes"'
lt_lt_cv_prog_compiler_c_o_F77='"yes"'
lt_lt_cv_sys_global_symbol_pipe='"sed -n -e '\''s/^.*[ 	]\\([ABCDGIRSTW][ABCDGIRSTW]*\\)[ 	][ 	]*\\([_A-Za-z][_A-Za-z0-9]*\\)\$/\\1 \\2 \\2/p'\''"'
lt_lt_cv_sys_global_symbol_to_c_name_address='"sed -n -e '\''s/^: \\([^ ]*\\) \$/  {\\\"\\1\\\", (lt_ptr) 0},/p'\'' -e '\''s/^[BCDEGRST] \\([^ ]*\\) \\([^ ]*\\)\$/  {\"\\2\", (lt_ptr) \\&\\2},/p'\''"'
lt_lt_cv_sys_global_symbol_to_cdecl='"sed -n -e '\''s/^. .* \\(.*\\)\$/extern int \\1;/p'\''"'

## ----------------- ##
## Output variables. ##
## ----------------- ##

ACLOCAL='${SHELL} /root/sqlite-autoconf-3071000/missing --run aclocal-1.9'
AMDEPBACKSLASH='\'
AMDEP_FALSE='#'
AMDEP_TRUE=''
AMTAR='${SHELL} /root/sqlite-autoconf-3071000/missing --run tar'
AR='ar'
AUTOCONF='${SHELL} /root/sqlite-autoconf-3071000/missing --run autoconf'
AUTOHEADER='${SHELL} /root/sqlite-autoconf-3071000/missing --run autoheader'
AUTOMAKE='${SHELL} /root/sqlite-autoconf-3071000/missing --run automake-1.9'
AWK='gawk'
BUILD_CFLAGS=''
CC='gcc'
CCDEPMODE='depmode=gcc3'
CFLAGS='-DSQLITE_HAS_CODEC'
CPP='gcc -E'
CPPFLAGS=''
CXX='g++'
CXXCPP='g++ -E'
CXXDEPMODE='depmode=gcc3'
CXXFLAGS='-g -O2'
CYGPATH_W='echo'
DEFS='-DPACKAGE_NAME=\"sqlite\" -DPACKAGE_TARNAME=\"sqlite\" -DPACKAGE_VERSION=\"3.7.10\" -DPACKAGE_STRING=\"sqlite\ 3.7.10\" -DPACKAGE_BUGREPORT=\"http://www.sqlite.org\" -DPACKAGE=\"sqlite\" -DVERSION=\"3.7.10\" -DSTDC_HEADERS=1 -DHAVE_SYS_TYPES_H=1 -DHAVE_SYS_STAT_H=1 -DHAVE_STDLIB_H=1 -DHAVE_STRING_H=1 -DHAVE_MEMORY_H=1 -DHAVE_STRINGS_H=1 -DHAVE_INTTYPES_H=1 -DHAVE_STDINT_H=1 -DHAVE_UNISTD_H=1 -DHAVE_DLFCN_H=1 -DHAVE_FDATASYNC=1 -DHAVE_USLEEP=1 -DHAVE_LOCALTIME_R=1 -DHAVE_GMTIME_R=1 -DHAVE_DECL_STRERROR_R=1 -DHAVE_STRERROR_R=1 -DHAVE_READLINE=1 -DHAVE_POSIX_FALLOCATE=1'
DEPDIR='.deps'
DYNAMIC_EXTENSION_FLAGS=''
ECHO='echo'
ECHO_C=''
ECHO_N='-n'
ECHO_T=''
EGREP='/bin/grep -E'
EXEEXT=''
F77='gfortran'
FFLAGS='-g -O2'
GREP='/bin/grep'
INSTALL_DATA='${INSTALL} -m 644'
INSTALL_PROGRAM='${INSTALL}'
INSTALL_SCRIPT='${INSTALL}'
INSTALL_STRIP_PROGRAM='${SHELL} $(install_sh) -c -s'
LDFLAGS=''
LIBOBJS=''
LIBS='-ldl -lpthread '
LIBTOOL='$(SHELL) $(top_builddir)/libtool'
LN_S='ln -s'
LTLIBOBJS=''
MAKEINFO='${SHELL} /root/sqlite-autoconf-3071000/missing --run makeinfo'
MKDIR_P='/bin/mkdir -p'
OBJEXT='o'
PACKAGE='sqlite'
PACKAGE_BUGREPORT='http://www.sqlite.org'
PACKAGE_NAME='sqlite'
PACKAGE_STRING='sqlite 3.7.10'
PACKAGE_TARNAME='sqlite'
PACKAGE_VERSION='3.7.10'
PATH_SEPARATOR=':'
RANLIB='ranlib'
READLINE_LIBS='-lreadline -lcurses '
SET_MAKE=''
SHELL='/bin/sh'
STRIP='strip'
THREADSAFE_FLAGS='-D_REENTRANT=1 -DSQLITE_THREADSAFE=1'
VERSION='3.7.10'
ac_ct_CC='gcc'
ac_ct_CXX='g++'
ac_ct_F77='gfortran'
am__fastdepCC_FALSE='#'
am__fastdepCC_TRUE=''
am__fastdepCXX_FALSE='#'
am__fastdepCXX_TRUE=''
am__include='include'
am__leading_dot='.'
am__quote=''
am__tar='${AMTAR} chof - "$$tardir"'
am__untar='${AMTAR} xf -'
bindir='${exec_prefix}/bin'
build='x86_64-unknown-linux-gnu'
build_alias=''
build_cpu='x86_64'
build_os='linux-gnu'
build_vendor='unknown'
datadir='${datarootdir}'
datarootdir='${prefix}/share'
docdir='${datarootdir}/doc/${PACKAGE_TARNAME}'
dvidir='${docdir}'
exec_prefix='${prefix}'
host='x86_64-unknown-linux-gnu'
host_alias=''
host_cpu='x86_64'
host_os='linux-gnu'
host_vendor='unknown'
htmldir='${docdir}'
includedir='${prefix}/include'
infodir='${datarootdir}/info'
install_sh='/root/sqlite-autoconf-3071000/install-sh'
libdir='${exec_prefix}/lib'
libexecdir='${exec_prefix}/libexec'
localedir='${datarootdir}/locale'
localstatedir='${prefix}/var'
mandir='${datarootdir}/man'
mkdir_p='mkdir -p --'
oldincludedir='/usr/include'
pdfdir='${docdir}'
prefix='/usr/local'
program_transform_name='s,x,x,'
psdir='${docdir}'
sbindir='${exec_prefix}/sbin'
sharedstatedir='${prefix}/com'
sysconfdir='${prefix}/etc'
target_alias=''

## ----------- ##
## confdefs.h. ##
## ----------- ##

#define PACKAGE_NAME "sqlite"
#define PACKAGE_TARNAME "sqlite"
#define PACKAGE_VERSION "3.7.10"
#define PACKAGE_STRING "sqlite 3.7.10"
#define PACKAGE_BUGREPORT "http://www.sqlite.org"
#define PACKAGE "sqlite"
#define VERSION "3.7.10"
#define STDC_HEADERS 1
#define HAVE_SYS_TYPES_H 1
#define HAVE_SYS_STAT_H 1
#define HAVE_STDLIB_H 1
#define HAVE_STRING_H 1
#define HAVE_MEMORY_H 1
#define HAVE_STRINGS_H 1
#define HAVE_INTTYPES_H 1
#define HAVE_STDINT_H 1
#define HAVE_UNISTD_H 1
#define HAVE_DLFCN_H 1
#define HAVE_FDATASYNC 1
#define HAVE_USLEEP 1
#define HAVE_LOCALTIME_R 1
#define HAVE_GMTIME_R 1
#define HAVE_DECL_STRERROR_R 1
#define HAVE_STRERROR_R 1
#define HAVE_READLINE 1
#define HAVE_POSIX_FALLOCATE 1

configure: exit 0
